[handleMsg]:  {
  key: {
    remoteJid: '51920648585@s.whatsapp.net',
    fromMe: false,
    id: '3EB0C6532DD9718110554F',
    participant: undefined
  },
  messageTimestamp: 1702437227,
  pushName: 'Joe S.',
  broadcast: false,
  message: Message {
    extendedTextMessage: ExtendedTextMessage {
      text: 'hola',
      contextInfo: [ContextInfo],
      inviteLinkGroupTypeV2: 0
    },
    messageContextInfo: MessageContextInfo {
      deviceListMetadata: [DeviceListMetadata],
      deviceListMetadataVersion: 2
    }
  },
  body: 'hola',
  from: '51920648585'
}
[QUEUE_SE_ENVIO]:  {
  ref: 'ans_5ba95c22-945f-40f7-b1a1-5b736a7bbaf3',
  keyword: 'key_2642b3f4-1b17-4572-962d-9ab9d33a8ae6',
  answer: 'Buenas bienvenido a mi ecommerce',
  options: {
    media: null,
    buttons: [],
    capture: false,
    child: null,
    delay: 0,
    idle: null,
    ref: null,
    nested: [],
    keyword: {},
    callback: false
  },
  refSerialize: '6e00fab4db5f0ef07489b807444e02e8'
}
[QUEUE_SE_ENVIO]:  {
  ref: 'ans_4018f8ce-ec3c-42af-bc70-b34f47d51c4e',
  keyword: 'ans_5ba95c22-945f-40f7-b1a1-5b736a7bbaf3',
  answer: '¿Como puedo ayudarte el dia de hoy?',
  options: {
    media: null,
    buttons: [],
    capture: false,
    child: null,
    delay: 0,
    idle: null,
    ref: null,
    nested: [],
    keyword: {},
    callback: false
  },
  refSerialize: 'da6caadf01712493d9eeebb25ee601ca'
}
